<?xml version="1.0" encoding="UTF-8"?>
<!-- Generated by org.testng.reporters.JUnitXMLReporter -->
<testsuite ignored="0" hostname="Hoan" failures="0" tests="5" name="Default test" time="58.094" errors="0" timestamp="2023-12-12T17:36:39 ICT">
  <testcase classname="testing.LoginAdminTest" name="TC_SignIn_Admin_01" time="5.574"/>
  <testcase classname="testing.LoginAdminTest" name="TC_getReport_Admin_01" time="7.068"/>
  <testcase classname="testing.LoginAdminTest" name="TC_unban_Admin_01" time="20.64"/>
  <testcase classname="testing.LoginAdminTest" name="TC_unban_Admin_02" time="12.406"/>
  <testcase classname="testing.LoginAdminTest" name="TC_unban_Admin_05" time="12.361"/>
</testsuite> <!-- Default test -->
