<?xml version="1.0" encoding="UTF-8"?>
<testng-results ignored="0" total="1" passed="1" failed="0" skipped="0">
  <reporter-output>
  </reporter-output>
  <suite started-at="2023-12-08T09:55:17 ICT" name="Default suite" finished-at="2023-12-08T09:56:01 ICT" duration-ms="44024">
    <groups>
    </groups>
    <test started-at="2023-12-08T09:55:17 ICT" name="Default test" finished-at="2023-12-08T09:56:01 ICT" duration-ms="44024">
      <class name="testing.WebTest">
        <test-method is-config="true" signature="suiteTest()[pri:0, instance:testing.WebTest@36ebc363]" started-at="2023-12-08T09:55:17 ICT" name="suiteTest" finished-at="2023-12-08T09:55:19 ICT" duration-ms="2117" status="PASS">
          <reporter-output>
          </reporter-output>
        </test-method> <!-- suiteTest -->
        <test-method signature="LoginTest()[pri:0, instance:testing.WebTest@36ebc363]" started-at="2023-12-08T09:55:19 ICT" name="LoginTest" finished-at="2023-12-08T09:56:01 ICT" duration-ms="41462" status="PASS">
          <reporter-output>
          </reporter-output>
        </test-method> <!-- LoginTest -->
        <test-method is-config="true" signature="suiteTearDown()[pri:0, instance:testing.WebTest@36ebc363]" started-at="2023-12-08T09:56:01 ICT" name="suiteTearDown" finished-at="2023-12-08T09:56:01 ICT" duration-ms="397" status="PASS">
          <reporter-output>
          </reporter-output>
        </test-method> <!-- suiteTearDown -->
      </class> <!-- testing.WebTest -->
    </test> <!-- Default test -->
  </suite> <!-- Default suite -->
</testng-results>
