<?xml version="1.0" encoding="UTF-8"?>
<testng-results ignored="0" total="3" passed="3" failed="0" skipped="0">
  <reporter-output>
  </reporter-output>
  <suite started-at="2023-12-01T09:28:34 ICT" name="Default suite" finished-at="2023-12-01T09:28:50 ICT" duration-ms="15427">
    <groups>
    </groups>
    <test started-at="2023-12-01T09:28:34 ICT" name="Default test" finished-at="2023-12-01T09:28:50 ICT" duration-ms="15427">
      <class name="testing.P_LoginTest">
        <test-method is-config="true" signature="init()[pri:0, instance:testing.P_LoginTest@9ebe38b]" started-at="2023-12-01T09:28:35 ICT" name="init" finished-at="2023-12-01T09:28:35 ICT" duration-ms="120" status="PASS">
          <reporter-output>
          </reporter-output>
        </test-method> <!-- init -->
        <test-method signature="test1()[pri:0, instance:testing.P_LoginTest@9ebe38b]" started-at="2023-12-01T09:28:35 ICT" name="test1" finished-at="2023-12-01T09:28:40 ICT" duration-ms="5077" status="PASS">
          <reporter-output>
          </reporter-output>
        </test-method> <!-- test1 -->
        <test-method is-config="true" signature="logout()[pri:0, instance:testing.P_LoginTest@9ebe38b]" started-at="2023-12-01T09:28:40 ICT" name="logout" finished-at="2023-12-01T09:28:40 ICT" duration-ms="4" status="PASS">
          <reporter-output>
          </reporter-output>
        </test-method> <!-- logout -->
        <test-method is-config="true" signature="init()[pri:0, instance:testing.P_LoginTest@9ebe38b]" started-at="2023-12-01T09:28:40 ICT" name="init" finished-at="2023-12-01T09:28:40 ICT" duration-ms="45" status="PASS">
          <reporter-output>
          </reporter-output>
        </test-method> <!-- init -->
        <test-method signature="test2()[pri:0, instance:testing.P_LoginTest@9ebe38b]" started-at="2023-12-01T09:28:40 ICT" name="test2" finished-at="2023-12-01T09:28:45 ICT" duration-ms="5009" status="PASS">
          <reporter-output>
          </reporter-output>
        </test-method> <!-- test2 -->
        <test-method is-config="true" signature="logout()[pri:0, instance:testing.P_LoginTest@9ebe38b]" started-at="2023-12-01T09:28:45 ICT" name="logout" finished-at="2023-12-01T09:28:45 ICT" duration-ms="24" status="PASS">
          <reporter-output>
          </reporter-output>
        </test-method> <!-- logout -->
        <test-method is-config="true" signature="init()[pri:0, instance:testing.P_LoginTest@9ebe38b]" started-at="2023-12-01T09:28:45 ICT" name="init" finished-at="2023-12-01T09:28:45 ICT" duration-ms="42" status="PASS">
          <reporter-output>
          </reporter-output>
        </test-method> <!-- init -->
        <test-method signature="test3()[pri:0, instance:testing.P_LoginTest@9ebe38b]" started-at="2023-12-01T09:28:45 ICT" name="test3" finished-at="2023-12-01T09:28:50 ICT" duration-ms="5003" status="PASS">
          <reporter-output>
          </reporter-output>
        </test-method> <!-- test3 -->
        <test-method is-config="true" signature="logout()[pri:0, instance:testing.P_LoginTest@9ebe38b]" started-at="2023-12-01T09:28:50 ICT" name="logout" finished-at="2023-12-01T09:28:50 ICT" duration-ms="28" status="PASS">
          <reporter-output>
          </reporter-output>
        </test-method> <!-- logout -->
      </class> <!-- testing.P_LoginTest -->
    </test> <!-- Default test -->
  </suite> <!-- Default suite -->
</testng-results>
